<?xml version="1.0" encoding="UTF-8"?>
<testng-results ignored="0" total="1" passed="1" failed="0" skipped="0">
  <reporter-output>
  </reporter-output>
  <suite started-at="2024-02-27T17:23:55 IST" name="Default suite" finished-at="2024-02-27T17:24:44 IST" duration-ms="48319">
    <groups>
    </groups>
    <test started-at="2024-02-27T17:23:55 IST" name="Default test" finished-at="2024-02-27T17:24:44 IST" duration-ms="48319">
      <class name="Playwrightsessions.PlaywrightTestNGClass">
        <test-method signature="testPlaywrightActions()[pri:0, instance:Playwrightsessions.PlaywrightTestNGClass@6f8e8894]" started-at="2024-02-27T17:23:56 IST" name="testPlaywrightActions" finished-at="2024-02-27T17:24:44 IST" duration-ms="48220" status="PASS">
          <reporter-output>
          </reporter-output>
        </test-method> <!-- testPlaywrightActions -->
        <test-method is-config="true" signature="afterSuite()[pri:0, instance:Playwrightsessions.PlaywrightTestNGClass@6f8e8894]" started-at="2024-02-27T17:24:44 IST" name="afterSuite" finished-at="2024-02-27T17:24:45 IST" duration-ms="665" status="PASS">
          <reporter-output>
          </reporter-output>
        </test-method> <!-- afterSuite -->
      </class> <!-- Playwrightsessions.PlaywrightTestNGClass -->
    </test> <!-- Default test -->
  </suite> <!-- Default suite -->
</testng-results>
